<?xml version="1.0" encoding="UTF-8"?>
<!-- Generated by org.testng.reporters.JUnitXMLReporter -->
<testsuite ignored="0" hostname="DESKTOP-CN11NCU" failures="0" tests="4" name="Default test" time="0.044" errors="0" timestamp="08 Mar 2023 16:01:01 GMT">
  <testcase classname="com.qa.swaglab.base.BaseTest" name="@BeforeTest setUp" time="0.0">
    <failure type="org.testng.TestNGException" message="
Parameter &amp;apos;browser&amp;apos; is required by BeforeTest on method setUp but has not been marked @Optional or defined
in C:\Users\SAI\AppData\Local\Temp\testng-eclipse-271836897\testng-customsuite.xml">
      <![CDATA[org.testng.TestNGException: 
Parameter 'browser' is required by BeforeTest on method setUp but has not been marked @Optional or defined
in C:\Users\SAI\AppData\Local\Temp\testng-eclipse-271836897\testng-customsuite.xml
at org.testng.internal.Parameters.createParams(Parameters.java:290)
at org.testng.internal.Parameters.createParametersForMethod(Parameters.java:359)
at org.testng.internal.Parameters.createParameters(Parameters.java:620)
at org.testng.internal.Parameters.createConfigurationParameters(Parameters.java:190)
at org.testng.internal.Invoker.invokeConfigurations(Invoker.java:209)
at org.testng.internal.Invoker.invokeConfigurations(Invoker.java:142)
at org.testng.TestRunner.beforeRun(TestRunner.java:529)
at org.testng.TestRunner.run(TestRunner.java:497)
at org.testng.SuiteRunner.runTest(SuiteRunner.java:455)
at org.testng.SuiteRunner.runSequentially(SuiteRunner.java:450)
at org.testng.SuiteRunner.privateRun(SuiteRunner.java:415)
at org.testng.SuiteRunner.run(SuiteRunner.java:364)
at org.testng.SuiteRunnerWorker.runSuite(SuiteRunnerWorker.java:52)
at org.testng.SuiteRunnerWorker.run(SuiteRunnerWorker.java:84)
at org.testng.TestNG.runSuitesSequentially(TestNG.java:1208)
at org.testng.TestNG.runSuitesLocally(TestNG.java:1137)
at org.testng.TestNG.runSuites(TestNG.java:1049)
at org.testng.TestNG.run(TestNG.java:1017)
at org.testng.remote.AbstractRemoteTestNG.run(AbstractRemoteTestNG.java:115)
at org.testng.remote.RemoteTestNG.initAndRun(RemoteTestNG.java:251)
at org.testng.remote.RemoteTestNG.main(RemoteTestNG.java:77)
]]>
    </failure>
  </testcase> <!-- @BeforeTest setUp -->
  <testcase classname="com.qa.swaglab.tests.ProductInfoTest" name="@BeforeTest prodInfoSetUp" time="0.0">
    <skipped/>
  </testcase> <!-- @BeforeTest prodInfoSetUp -->
  <testcase classname="com.qa.swaglab.base.BaseTest" name="@AfterTest teardown" time="0.0">
    <skipped/>
  </testcase> <!-- @AfterTest teardown -->
  <testcase classname="com.qa.swaglab.tests.ProductInfoTest" name="prodCountTest" time="0.0">
    <skipped/>
  </testcase> <!-- prodCountTest -->
  <testcase classname="com.qa.swaglab.tests.ProductInfoTest" name="prodHeaderTest" time="0.0">
    <skipped/>
  </testcase> <!-- prodHeaderTest -->
  <testcase classname="com.qa.swaglab.tests.ProductInfoTest" name="prodPriceTest" time="0.0">
    <skipped/>
  </testcase> <!-- prodPriceTest -->
  <testcase classname="com.qa.swaglab.tests.ProductInfoTest" name="prodCartBadgeCheckTest" time="0.0">
    <skipped/>
  </testcase> <!-- prodCartBadgeCheckTest -->
</testsuite> <!-- Default test -->
